github.com/Haraj-backend/hex-monscape/internal/core/entity/battle.go:24:				PartnerAttack			80.0%
github.com/Haraj-backend/hex-monscape/internal/core/entity/battle.go:48:				PartnerSurrender		100.0%
github.com/Haraj-backend/hex-monscape/internal/core/entity/battle.go:60:				EnemyAttack			80.0%
github.com/Haraj-backend/hex-monscape/internal/core/entity/battle.go:83:				IsEnded				100.0%
github.com/Haraj-backend/hex-monscape/internal/core/entity/battle.go:90:				DecideTurn			100.0%
github.com/Haraj-backend/hex-monscape/internal/core/entity/battle.go:128:				Validate			100.0%
github.com/Haraj-backend/hex-monscape/internal/core/entity/battle.go:133:				NewBattle			100.0%
github.com/Haraj-backend/hex-monscape/internal/core/entity/game.go:32:					Validate			100.0%
github.com/Haraj-backend/hex-monscape/internal/core/entity/game.go:40:					AdvanceScenario			100.0%
github.com/Haraj-backend/hex-monscape/internal/core/entity/game.go:57:					IncBattleWon			100.0%
github.com/Haraj-backend/hex-monscape/internal/core/entity/game.go:62:					NewGame				100.0%
github.com/Haraj-backend/hex-monscape/internal/core/entity/monster.go:14:				ResetBattleStats		0.0%
github.com/Haraj-backend/hex-monscape/internal/core/entity/monster.go:18:				IsDead				100.0%
github.com/Haraj-backend/hex-monscape/internal/core/entity/monster.go:24:				InflictDamage			100.0%
github.com/Haraj-backend/hex-monscape/internal/core/entity/monster.go:38:				max				66.7%
github.com/Haraj-backend/hex-monscape/internal/core/service/battle/service.go:52:			StartBattle			75.0%
github.com/Haraj-backend/hex-monscape/internal/core/service/battle/service.go:90:			GetBattle			100.0%
github.com/Haraj-backend/hex-monscape/internal/core/service/battle/service.go:103:			getGameAndBattleInstance	72.7%
github.com/Haraj-backend/hex-monscape/internal/core/service/battle/service.go:121:			DecideTurn			68.8%
github.com/Haraj-backend/hex-monscape/internal/core/service/battle/service.go:146:			Attack				52.4%
github.com/Haraj-backend/hex-monscape/internal/core/service/battle/service.go:178:			Surrender			66.7%
github.com/Haraj-backend/hex-monscape/internal/core/service/battle/service.go:203:			Validate			100.0%
github.com/Haraj-backend/hex-monscape/internal/core/service/battle/service.go:208:			NewService			100.0%
github.com/Haraj-backend/hex-monscape/internal/core/service/play/service.go:36:				GetAvailablePartners		75.0%
github.com/Haraj-backend/hex-monscape/internal/core/service/play/service.go:44:				NewGame				69.2%
github.com/Haraj-backend/hex-monscape/internal/core/service/play/service.go:71:				GetGame				83.3%
github.com/Haraj-backend/hex-monscape/internal/core/service/play/service.go:88:				Validate			100.0%
github.com/Haraj-backend/hex-monscape/internal/core/service/play/service.go:93:				NewService			100.0%
github.com/Haraj-backend/hex-monscape/internal/driven/storage/dynamodb/battlestrg/model.go:14:		toDDBKey			100.0%
github.com/Haraj-backend/hex-monscape/internal/driven/storage/dynamodb/battlestrg/model.go:27:		toBattleRow			100.0%
github.com/Haraj-backend/hex-monscape/internal/driven/storage/dynamodb/battlestrg/model.go:40:		toBattle			100.0%
github.com/Haraj-backend/hex-monscape/internal/driven/storage/dynamodb/battlestrg/storage.go:19:	GetBattle			84.6%
github.com/Haraj-backend/hex-monscape/internal/driven/storage/dynamodb/battlestrg/storage.go:46:	SaveBattle			83.3%
github.com/Haraj-backend/hex-monscape/internal/driven/storage/dynamodb/battlestrg/storage.go:67:	Validate			100.0%
github.com/Haraj-backend/hex-monscape/internal/driven/storage/dynamodb/battlestrg/storage.go:72:	New				80.0%
github.com/Haraj-backend/hex-monscape/internal/driven/storage/dynamodb/gamestrg/model.go:14:		toDDBKey			100.0%
github.com/Haraj-backend/hex-monscape/internal/driven/storage/dynamodb/gamestrg/model.go:28:		toGameRow			100.0%
github.com/Haraj-backend/hex-monscape/internal/driven/storage/dynamodb/gamestrg/model.go:39:		toGame				100.0%
github.com/Haraj-backend/hex-monscape/internal/driven/storage/dynamodb/gamestrg/storage.go:19:		GetGame				83.3%
github.com/Haraj-backend/hex-monscape/internal/driven/storage/dynamodb/gamestrg/storage.go:44:		SaveGame			83.3%
github.com/Haraj-backend/hex-monscape/internal/driven/storage/dynamodb/gamestrg/storage.go:64:		Validate			100.0%
github.com/Haraj-backend/hex-monscape/internal/driven/storage/dynamodb/gamestrg/storage.go:69:		New				80.0%
github.com/Haraj-backend/hex-monscape/internal/driven/storage/dynamodb/monstrg/model.go:16:		toDDBKey			100.0%
github.com/Haraj-backend/hex-monscape/internal/driven/storage/dynamodb/monstrg/model.go:21:		toMonsters			87.5%
github.com/Haraj-backend/hex-monscape/internal/driven/storage/dynamodb/monstrg/storage.go:16:		New				80.0%
github.com/Haraj-backend/hex-monscape/internal/driven/storage/dynamodb/monstrg/storage.go:33:		GetAvailablePartners		71.4%
github.com/Haraj-backend/hex-monscape/internal/driven/storage/dynamodb/monstrg/storage.go:55:		GetPossibleEnemies		66.7%
github.com/Haraj-backend/hex-monscape/internal/driven/storage/dynamodb/monstrg/storage.go:71:		GetPartner			81.8%
github.com/Haraj-backend/hex-monscape/internal/driven/storage/dynamodb/monstrg/storage.go:99:		Validate			100.0%
github.com/Haraj-backend/hex-monscape/internal/driven/storage/memory/battlestrg/storage.go:13:		GetBattle			75.0%
github.com/Haraj-backend/hex-monscape/internal/driven/storage/memory/battlestrg/storage.go:21:		SaveBattle			100.0%
github.com/Haraj-backend/hex-monscape/internal/driven/storage/memory/battlestrg/storage.go:26:		New				100.0%
github.com/Haraj-backend/hex-monscape/internal/driven/storage/memory/gamestrg/storage.go:13:		GetGame				75.0%
github.com/Haraj-backend/hex-monscape/internal/driven/storage/memory/gamestrg/storage.go:21:		SaveGame			100.0%
github.com/Haraj-backend/hex-monscape/internal/driven/storage/memory/gamestrg/storage.go:26:		New				100.0%
github.com/Haraj-backend/hex-monscape/internal/driven/storage/memory/monstrg/model.go:19:		toMonster			100.0%
github.com/Haraj-backend/hex-monscape/internal/driven/storage/memory/monstrg/storage.go:17:		GetAvailablePartners		100.0%
github.com/Haraj-backend/hex-monscape/internal/driven/storage/memory/monstrg/storage.go:25:		GetPartner			100.0%
github.com/Haraj-backend/hex-monscape/internal/driven/storage/memory/monstrg/storage.go:33:		GetPossibleEnemies		100.0%
github.com/Haraj-backend/hex-monscape/internal/driven/storage/memory/monstrg/storage.go:45:		Validate			100.0%
github.com/Haraj-backend/hex-monscape/internal/driven/storage/memory/monstrg/storage.go:49:		New				86.7%
github.com/Haraj-backend/hex-monscape/internal/driven/storage/mysql/battlestrg/model.go:30:		ToBattle			100.0%
github.com/Haraj-backend/hex-monscape/internal/driven/storage/mysql/battlestrg/model.go:65:		newBattleRow			100.0%
github.com/Haraj-backend/hex-monscape/internal/driven/storage/mysql/battlestrg/storage.go:21:		Validate			100.0%
github.com/Haraj-backend/hex-monscape/internal/driven/storage/mysql/battlestrg/storage.go:25:		New				80.0%
github.com/Haraj-backend/hex-monscape/internal/driven/storage/mysql/battlestrg/storage.go:34:		GetBattle			85.7%
github.com/Haraj-backend/hex-monscape/internal/driven/storage/mysql/battlestrg/storage.go:46:		SaveBattle			83.3%
github.com/Haraj-backend/hex-monscape/internal/driven/storage/mysql/gamestrg/model.go:17:		ToGame				100.0%
github.com/Haraj-backend/hex-monscape/internal/driven/storage/mysql/gamestrg/model.go:28:		NewGameRow			100.0%
github.com/Haraj-backend/hex-monscape/internal/driven/storage/mysql/gamestrg/storage.go:21:		Validate			100.0%
github.com/Haraj-backend/hex-monscape/internal/driven/storage/mysql/gamestrg/storage.go:25:		New				80.0%
github.com/Haraj-backend/hex-monscape/internal/driven/storage/mysql/gamestrg/storage.go:34:		GetGame				85.7%
github.com/Haraj-backend/hex-monscape/internal/driven/storage/mysql/gamestrg/storage.go:67:		SaveGame			83.3%
github.com/Haraj-backend/hex-monscape/internal/driven/storage/mysql/monstrg/storage.go:22:		Validate			100.0%
github.com/Haraj-backend/hex-monscape/internal/driven/storage/mysql/monstrg/storage.go:31:		New				80.0%
github.com/Haraj-backend/hex-monscape/internal/driven/storage/mysql/monstrg/storage.go:40:		GetAvailablePartners		100.0%
github.com/Haraj-backend/hex-monscape/internal/driven/storage/mysql/monstrg/storage.go:44:		GetPossibleEnemies		100.0%
github.com/Haraj-backend/hex-monscape/internal/driven/storage/mysql/monstrg/storage.go:48:		GetPartner			85.7%
github.com/Haraj-backend/hex-monscape/internal/driven/storage/mysql/monstrg/storage.go:75:		getMonsterByRole		72.7%
total:													(statements)			82.7%
